c:\users\michael\documents\rssdk\samples\df_cameraviewer\build\win32_debug\df_cameraviewer\camera_viewer.obj
c:\users\michael\documents\visual studio 2015\projects\rendervideosdkexample\build\win32_debug\df_cameraviewer\camera_viewer.obj
c:\users\michael\documents\rssdk\samples\df_cameraviewer\bin\win32\df_cameraviewer_d.exe
c:\users\michael\documents\rssdk\samples\df_cameraviewer\bin\win32\df_cameraviewer_d.pdb
c:\users\michael\documents\visual studio 2015\projects\rendervideosdkexample\bin\win32\df_cameraviewer_d.exe
c:\users\michael\documents\visual studio 2015\projects\rendervideosdkexample\bin\win32\df_cameraviewer_d.pdb
c:\users\michael\desktop\senior-design\realsense\projects\persontrackingfromscratch\bin\win32\df_cameraviewer_d.exe
c:\users\michael\desktop\senior-design\realsense\projects\persontrackingfromscratch\bin\win32\df_cameraviewer_d.pdb
c:\users\michael\documents\rssdk\samples\df_cameraviewer\build\win32_debug\df_cameraviewer\camera_viewer.res
c:\users\michael\documents\visual studio 2015\projects\rendervideosdkexample\build\win32_debug\df_cameraviewer\camera_viewer.res
c:\users\michael\desktop\senior-design\realsense\projects\persontrackingfromscratch\build\win32_debug\df_cameraviewer\camera_viewer.res
c:\users\michael\desktop\senior-design\realsense\projects\persontrackingfromscratch\bin/win32/df_cameraviewer_d.exe
c:\users\michael\desktop\senior-design\realsense\projects\persontrackingfromscratch\build\win32_debug\df_cameraviewer\df_cameraviewer.tlog\cl.command.1.tlog
c:\users\michael\desktop\senior-design\realsense\projects\persontrackingfromscratch\build\win32_debug\df_cameraviewer\df_cameraviewer.tlog\cl.read.1.tlog
c:\users\michael\desktop\senior-design\realsense\projects\persontrackingfromscratch\build\win32_debug\df_cameraviewer\df_cameraviewer.tlog\cl.write.1.tlog
c:\users\michael\desktop\senior-design\realsense\projects\persontrackingfromscratch\build\win32_debug\df_cameraviewer\df_cameraviewer.tlog\link.command.1.tlog
c:\users\michael\desktop\senior-design\realsense\projects\persontrackingfromscratch\build\win32_debug\df_cameraviewer\df_cameraviewer.tlog\link.read.1.tlog
c:\users\michael\desktop\senior-design\realsense\projects\persontrackingfromscratch\build\win32_debug\df_cameraviewer\df_cameraviewer.tlog\link.write.1.tlog
c:\users\michael\desktop\senior-design\realsense\projects\persontrackingfromscratch\build\win32_debug\df_cameraviewer\df_cameraviewer.tlog\rc.command.1.tlog
c:\users\michael\desktop\senior-design\realsense\projects\persontrackingfromscratch\build\win32_debug\df_cameraviewer\df_cameraviewer.tlog\rc.read.1.tlog
c:\users\michael\desktop\senior-design\realsense\projects\persontrackingfromscratch\build\win32_debug\df_cameraviewer\df_cameraviewer.tlog\rc.write.1.tlog
