Build started 9/15/2014 4:19:07 PM.
     1>Project "C:\Users\asususer\Desktop\tutorial_09_03_2014 -Rev2\Tutorial\4_Face_Analysis\4_Face_Analysis.vcxproj" on node 3 (Rebuild target(s)).
     1>ClCompile:
         C:\Program Files (x86)\Microsoft Visual Studio 11.0\VC\bin\CL.exe /c /Zi /nologo /W3 /WX- /sdl /O2 /Oi /Oy- /GL /D _MBCS /Gm- /EHsc /MD /GS /Gy /fp:precise /Zc:wchar_t /Zc:forScope /Fo"Release\\" /Fd"Release\vc110.pdb" /Gd /TP /analyze- /errorReport:prompt faceanalysis_render.cpp main_face_analysis_procedural.cpp
         faceanalysis_render.cpp
     1>faceanalysis_render.cpp(178): warning C4244: 'argument' : conversion from 'double' to 'int', possible loss of data
     1>faceanalysis_render.cpp(179): warning C4244: 'argument' : conversion from 'double' to 'int', possible loss of data
     1>faceanalysis_render.cpp(180): warning C4244: 'argument' : conversion from 'double' to 'int', possible loss of data
     1>faceanalysis_render.cpp(181): warning C4244: 'argument' : conversion from 'double' to 'int', possible loss of data
     1>faceanalysis_render.cpp(182): warning C4244: 'argument' : conversion from 'double' to 'int', possible loss of data
     1>faceanalysis_render.cpp(192): warning C4244: 'argument' : conversion from 'double' to 'int', possible loss of data
     1>faceanalysis_render.cpp(194): warning C4244: 'argument' : conversion from 'double' to 'int', possible loss of data
     1>faceanalysis_render.cpp(196): warning C4244: 'argument' : conversion from 'double' to 'int', possible loss of data
     1>faceanalysis_render.cpp(206): warning C4244: 'argument' : conversion from 'double' to 'int', possible loss of data
     1>faceanalysis_render.cpp(208): warning C4244: 'argument' : conversion from 'double' to 'int', possible loss of data
     1>faceanalysis_render.cpp(210): warning C4244: 'argument' : conversion from 'double' to 'int', possible loss of data
         main_face_analysis_procedural.cpp
     1>main_face_analysis_procedural.cpp(31): warning C4005: 'MAX_FACES' : macro redefinition
                 c:\users\asususer\desktop\tutorial_09_03_2014 -rev2\tutorial\4_face_analysis\faceanalysis_render.h(17) : see previous definition of 'MAX_FACES'
     1>main_face_analysis_procedural.cpp(162): warning C4390: ';' : empty controlled statement found; is this the intent?
       Link:
         C:\Program Files (x86)\Microsoft Visual Studio 11.0\VC\bin\link.exe /ERRORREPORT:PROMPT /OUT:"C:\Users\asususer\Desktop\tutorial_09_03_2014 -Rev2\Tutorial\Release\4_Face_Analysis.exe" /NOLOGO libpxcmd.lib libpxcutilsmd.lib kernel32.lib user32.lib gdi32.lib winspool.lib comdlg32.lib advapi32.lib shell32.lib ole32.lib oleaut32.lib uuid.lib odbc32.lib odbccp32.lib /MANIFEST /MANIFESTUAC:"level='asInvoker' uiAccess='false'" /manifest:embed /DEBUG /PDB:"C:\Users\asususer\Desktop\tutorial_09_03_2014 -Rev2\Tutorial\Release\4_Face_Analysis.pdb" /OPT:REF /OPT:ICF /LTCG /TLBID:1 /DYNAMICBASE /NXCOMPAT /IMPLIB:"C:\Users\asususer\Desktop\tutorial_09_03_2014 -Rev2\Tutorial\Release\4_Face_Analysis.lib" /MACHINE:X86 /SAFESEH Release\faceanalysis_render.obj
         Release\main_face_analysis_procedural.obj
         Generating code
         Finished generating code
         4_Face_Analysis.vcxproj -> C:\Users\asususer\Desktop\tutorial_09_03_2014 -Rev2\Tutorial\Release\4_Face_Analysis.exe
     1>Done Building Project "C:\Users\asususer\Desktop\tutorial_09_03_2014 -Rev2\Tutorial\4_Face_Analysis\4_Face_Analysis.vcxproj" (Rebuild target(s)).

Build succeeded.

Time Elapsed 00:00:03.82
