C:\Program Files (x86)\MSBuild\Microsoft.Cpp\v4.0\V140\Microsoft.CppBuild.targets(392,5): warning MSB8028: The intermediate directory (x64\Debug\) contains files shared from another project (userId.vcxproj).  This can lead to incorrect clean and rebuild behavior.
  main.cpp
c:\users\asus\desktop\senior-design\realsense\projects\useridrevised\userid\myperson.h(287): warning C4267: 'initializing': conversion from 'size_t' to 'int', possible loss of data
c:\users\asus\desktop\senior-design\realsense\projects\useridrevised\userid\myperson.h(307): warning C4244: 'argument': conversion from 'double' to 'unsigned __int64', possible loss of data
c:\users\asus\desktop\senior-design\realsense\projects\useridrevised\userid\mypoint.h(5): error C2011: 'myPoint': 'class' type redefinition
  c:\users\asus\desktop\senior-design\realsense\projects\useridrevised\userid\mypoint.h(5): note: see declaration of 'myPoint'
c:\users\asus\desktop\senior-design\realsense\projects\useridrevised\userid\mypoint.h(28): error C2027: use of undefined type 'myPoint'
  c:\users\asus\desktop\senior-design\realsense\projects\useridrevised\userid\mypoint.h(5): note: see declaration of 'myPoint'
c:\users\asus\desktop\senior-design\realsense\projects\useridrevised\userid\mypoint.h(29): error C2065: 'worldX': undeclared identifier
c:\users\asus\desktop\senior-design\realsense\projects\useridrevised\userid\mypoint.h(30): error C2065: 'worldY': undeclared identifier
c:\users\asus\desktop\senior-design\realsense\projects\useridrevised\userid\mypoint.h(31): error C2065: 'worldZ': undeclared identifier
c:\users\asus\desktop\senior-design\realsense\projects\useridrevised\userid\mypoint.h(32): error C2065: 'imageX': undeclared identifier
c:\users\asus\desktop\senior-design\realsense\projects\useridrevised\userid\mypoint.h(33): error C2065: 'imageY': undeclared identifier
c:\users\asus\desktop\senior-design\realsense\projects\useridrevised\userid\mypoint.h(36): error C2027: use of undefined type 'myPoint'
  c:\users\asus\desktop\senior-design\realsense\projects\useridrevised\userid\mypoint.h(5): note: see declaration of 'myPoint'
c:\users\asus\desktop\senior-design\realsense\projects\useridrevised\userid\mypoint.h(37): error C2065: 'worldZ': undeclared identifier
c:\users\asus\desktop\senior-design\realsense\projects\useridrevised\userid\mypoint.h(40): error C2027: use of undefined type 'myPoint'
  c:\users\asus\desktop\senior-design\realsense\projects\useridrevised\userid\mypoint.h(5): note: see declaration of 'myPoint'
c:\users\asus\desktop\senior-design\realsense\projects\useridrevised\userid\mypoint.h(41): error C2065: 'worldX': undeclared identifier
c:\users\asus\desktop\senior-design\realsense\projects\useridrevised\userid\mypoint.h(41): error C2065: 'worldY': undeclared identifier
c:\users\asus\desktop\senior-design\realsense\projects\useridrevised\userid\mypoint.h(41): error C2065: 'worldZ': undeclared identifier
c:\users\asus\desktop\senior-design\realsense\projects\useridrevised\userid\mypoint.h(42): error C2065: 'imageX': undeclared identifier
c:\users\asus\desktop\senior-design\realsense\projects\useridrevised\userid\mypoint.h(42): error C2065: 'imageY': undeclared identifier
c:\users\asus\desktop\senior-design\realsense\projects\useridrevised\userid\circlebuffer.h(15): error C3931: 'myPoint': cannot call a function that has restriction specifiers that are incompatible with the ambient context
c:\users\asus\desktop\senior-design\realsense\projects\useridrevised\userid\circlebuffer.h(23): error C2027: use of undefined type 'myPoint'
  c:\users\asus\desktop\senior-design\realsense\projects\useridrevised\userid\mypoint.h(5): note: see declaration of 'myPoint'
c:\users\asus\desktop\senior-design\realsense\projects\useridrevised\userid\circlebuffer.h(30): error C2027: use of undefined type 'myPoint'
  c:\users\asus\desktop\senior-design\realsense\projects\useridrevised\userid\mypoint.h(5): note: see declaration of 'myPoint'
c:\users\asus\desktop\senior-design\realsense\projects\useridrevised\userid\circlebuffer.h(30): error C2228: left of '.printPoint' must have class/struct/union
c:\users\asus\desktop\senior-design\realsense\projects\useridrevised\userid\circlebuffer.h(49): error C2079: 'last' uses undefined class 'myPoint'
c:\users\asus\desktop\senior-design\realsense\projects\useridrevised\userid\circlebuffer.h(49): error C2027: use of undefined type 'myPoint'
  c:\users\asus\desktop\senior-design\realsense\projects\useridrevised\userid\mypoint.h(5): note: see declaration of 'myPoint'
  c:\users\asus\desktop\senior-design\realsense\projects\useridrevised\userid\mypoint.h(5): note: see declaration of 'myPoint'
c:\users\asus\desktop\senior-design\realsense\projects\useridrevised\userid\circlebuffer.h(50): error C2079: 'curr' uses undefined class 'myPoint'
c:\users\asus\desktop\senior-design\realsense\projects\useridrevised\userid\circlebuffer.h(50): error C2027: use of undefined type 'myPoint'
  c:\users\asus\desktop\senior-design\realsense\projects\useridrevised\userid\mypoint.h(5): note: see declaration of 'myPoint'
  c:\users\asus\desktop\senior-design\realsense\projects\useridrevised\userid\mypoint.h(5): note: see declaration of 'myPoint'
c:\users\asus\desktop\senior-design\realsense\projects\useridrevised\userid\circlebuffer.h(51): error C2228: left of '.getImageX' must have class/struct/union
  c:\users\asus\desktop\senior-design\realsense\projects\useridrevised\userid\circlebuffer.h(51): note: type is 'int'
c:\users\asus\desktop\senior-design\realsense\projects\useridrevised\userid\circlebuffer.h(51): error C2228: left of '.getWorldZ' must have class/struct/union
  c:\users\asus\desktop\senior-design\realsense\projects\useridrevised\userid\circlebuffer.h(51): note: type is 'int'
c:\users\asus\desktop\senior-design\realsense\projects\useridrevised\userid\circlebuffer.h(54): error C2228: left of '.getImageX' must have class/struct/union
  c:\users\asus\desktop\senior-design\realsense\projects\useridrevised\userid\circlebuffer.h(54): note: type is 'int'
c:\users\asus\desktop\senior-design\realsense\projects\useridrevised\userid\circlebuffer.h(55): error C2228: left of '.getWorldZ' must have class/struct/union
  c:\users\asus\desktop\senior-design\realsense\projects\useridrevised\userid\circlebuffer.h(55): note: type is 'int'
c:\users\asus\desktop\senior-design\realsense\projects\useridrevised\userid\main.cpp(264): error C2079: 'head' uses undefined class 'myPoint'
c:\users\asus\desktop\senior-design\realsense\projects\useridrevised\userid\main.cpp(264): error C2440: 'initializing': cannot convert from 'initializer list' to 'int'
  c:\users\asus\desktop\senior-design\realsense\projects\useridrevised\userid\main.cpp(264): note: The initializer contains too many elements
c:\users\asus\desktop\senior-design\realsense\projects\useridrevised\userid\main.cpp(265): error C2079: 'shoulderLeft' uses undefined class 'myPoint'
c:\users\asus\desktop\senior-design\realsense\projects\useridrevised\userid\main.cpp(265): error C2440: 'initializing': cannot convert from 'initializer list' to 'int'
  c:\users\asus\desktop\senior-design\realsense\projects\useridrevised\userid\main.cpp(265): note: The initializer contains too many elements
c:\users\asus\desktop\senior-design\realsense\projects\useridrevised\userid\main.cpp(266): error C2079: 'shoulderRight' uses undefined class 'myPoint'
c:\users\asus\desktop\senior-design\realsense\projects\useridrevised\userid\main.cpp(266): error C2440: 'initializing': cannot convert from 'initializer list' to 'int'
  c:\users\asus\desktop\senior-design\realsense\projects\useridrevised\userid\main.cpp(266): note: The initializer contains too many elements
c:\users\asus\desktop\senior-design\realsense\projects\useridrevised\userid\main.cpp(267): error C2079: 'spineMid' uses undefined class 'myPoint'
c:\users\asus\desktop\senior-design\realsense\projects\useridrevised\userid\main.cpp(267): error C2440: 'initializing': cannot convert from 'initializer list' to 'int'
  c:\users\asus\desktop\senior-design\realsense\projects\useridrevised\userid\main.cpp(267): note: The initializer contains too many elements
c:\users\asus\desktop\senior-design\realsense\projects\useridrevised\userid\main.cpp(270): error C2079: 'myCenterMass' uses undefined class 'myPoint'
c:\users\asus\desktop\senior-design\realsense\projects\useridrevised\userid\main.cpp(270): error C2440: 'initializing': cannot convert from 'initializer list' to 'int'
  c:\users\asus\desktop\senior-design\realsense\projects\useridrevised\userid\main.cpp(270): note: The initializer contains too many elements
c:\users\asus\desktop\senior-design\realsense\projects\useridrevised\userid\main.cpp(273): error C2664: 'void myPerson::updatePerson(myPoint,myPoint,myPoint,myPoint,myPoint)': cannot convert argument 1 from 'int' to 'myPoint'
  c:\users\asus\desktop\senior-design\realsense\projects\useridrevised\userid\main.cpp(273): note: use of undefined type 'myPoint'
  c:\users\asus\desktop\senior-design\realsense\projects\useridrevised\userid\mypoint.h(5): note: see declaration of 'myPoint'
c:\users\asus\desktop\senior-design\realsense\projects\useridrevised\userid\main.cpp(282): error C2079: 'myCenterMass' uses undefined class 'myPoint'
c:\users\asus\desktop\senior-design\realsense\projects\useridrevised\userid\main.cpp(282): error C2440: 'initializing': cannot convert from 'initializer list' to 'int'
  c:\users\asus\desktop\senior-design\realsense\projects\useridrevised\userid\main.cpp(282): note: The initializer contains too many elements
c:\users\asus\desktop\senior-design\realsense\projects\useridrevised\userid\main.cpp(283): error C2664: 'void circleBuffer::startBuffer(myPoint)': cannot convert argument 1 from 'int' to 'myPoint'
  c:\users\asus\desktop\senior-design\realsense\projects\useridrevised\userid\main.cpp(283): note: use of undefined type 'myPoint'
  c:\users\asus\desktop\senior-design\realsense\projects\useridrevised\userid\mypoint.h(5): note: see declaration of 'myPoint'
c:\users\asus\desktop\senior-design\realsense\projects\useridrevised\userid\main.cpp(313): error C2079: 'myCenterMass' uses undefined class 'myPoint'
c:\users\asus\desktop\senior-design\realsense\projects\useridrevised\userid\main.cpp(313): error C2440: 'initializing': cannot convert from 'initializer list' to 'int'
  c:\users\asus\desktop\senior-design\realsense\projects\useridrevised\userid\main.cpp(313): note: The initializer contains too many elements
c:\users\asus\desktop\senior-design\realsense\projects\useridrevised\userid\main.cpp(322): error C2079: 'head' uses undefined class 'myPoint'
c:\users\asus\desktop\senior-design\realsense\projects\useridrevised\userid\main.cpp(322): error C2440: 'initializing': cannot convert from 'initializer list' to 'int'
  c:\users\asus\desktop\senior-design\realsense\projects\useridrevised\userid\main.cpp(322): note: The initializer contains too many elements
c:\users\asus\desktop\senior-design\realsense\projects\useridrevised\userid\main.cpp(323): error C2079: 'shoulderLeft' uses undefined class 'myPoint'
c:\users\asus\desktop\senior-design\realsense\projects\useridrevised\userid\main.cpp(323): error C2440: 'initializing': cannot convert from 'initializer list' to 'int'
  c:\users\asus\desktop\senior-design\realsense\projects\useridrevised\userid\main.cpp(323): note: The initializer contains too many elements
c:\users\asus\desktop\senior-design\realsense\projects\useridrevised\userid\main.cpp(324): error C2079: 'shoulderRight' uses undefined class 'myPoint'
c:\users\asus\desktop\senior-design\realsense\projects\useridrevised\userid\main.cpp(324): error C2440: 'initializing': cannot convert from 'initializer list' to 'int'
  c:\users\asus\desktop\senior-design\realsense\projects\useridrevised\userid\main.cpp(324): note: The initializer contains too many elements
c:\users\asus\desktop\senior-design\realsense\projects\useridrevised\userid\main.cpp(325): error C2079: 'spineMid' uses undefined class 'myPoint'
c:\users\asus\desktop\senior-design\realsense\projects\useridrevised\userid\main.cpp(325): error C2440: 'initializing': cannot convert from 'initializer list' to 'int'
  c:\users\asus\desktop\senior-design\realsense\projects\useridrevised\userid\main.cpp(325): note: The initializer contains too many elements
c:\users\asus\desktop\senior-design\realsense\projects\useridrevised\userid\main.cpp(328): error C2440: '<function-style-cast>': cannot convert from 'initializer list' to 'myPerson'
  c:\users\asus\desktop\senior-design\realsense\projects\useridrevised\userid\main.cpp(328): note: No constructor could take the source type, or constructor overload resolution was ambiguous
c:\users\asus\desktop\senior-design\realsense\projects\useridrevised\userid\main.cpp(339): error C2079: 'LKL' uses undefined class 'myPoint'
c:\users\asus\desktop\senior-design\realsense\projects\useridrevised\userid\main.cpp(339): error C2027: use of undefined type 'myPoint'
  c:\users\asus\desktop\senior-design\realsense\projects\useridrevised\userid\mypoint.h(5): note: see declaration of 'myPoint'
c:\users\asus\desktop\senior-design\realsense\projects\useridrevised\userid\main.cpp(340): error C2228: left of '.getImageX' must have class/struct/union
  c:\users\asus\desktop\senior-design\realsense\projects\useridrevised\userid\main.cpp(340): note: type is 'int'
c:\users\asus\desktop\senior-design\realsense\projects\useridrevised\userid\main.cpp(340): error C2228: left of '.getWorldZ' must have class/struct/union
  c:\users\asus\desktop\senior-design\realsense\projects\useridrevised\userid\main.cpp(340): note: type is 'int'
c:\users\asus\desktop\senior-design\realsense\projects\useridrevised\userid\main.cpp(341): error C2027: use of undefined type 'myPoint'
  c:\users\asus\desktop\senior-design\realsense\projects\useridrevised\userid\mypoint.h(5): note: see declaration of 'myPoint'
c:\users\asus\desktop\senior-design\realsense\projects\useridrevised\userid\main.cpp(341): error C2228: left of '.getImageX' must have class/struct/union
c:\users\asus\desktop\senior-design\realsense\projects\useridrevised\userid\main.cpp(341): error C2228: left of '.getWorldZ' must have class/struct/union
c:\users\asus\desktop\senior-design\realsense\projects\useridrevised\userid\main.cpp(352): error C2079: 'myCenterMass' uses undefined class 'myPoint'
c:\users\asus\desktop\senior-design\realsense\projects\useridrevised\userid\main.cpp(352): error C2440: 'initializing': cannot convert from 'initializer list' to 'int'
  c:\users\asus\desktop\senior-design\realsense\projects\useridrevised\userid\main.cpp(352): note: The initializer contains too many elements
c:\users\asus\desktop\senior-design\realsense\projects\useridrevised\userid\main.cpp(353): error C2664: 'double *determineControls(myPoint)': cannot convert argument 1 from 'int' to 'myPoint'
  c:\users\asus\desktop\senior-design\realsense\projects\useridrevised\userid\main.cpp(353): note: use of undefined type 'myPoint'
  c:\users\asus\desktop\senior-design\realsense\projects\useridrevised\userid\mypoint.h(5): note: see declaration of 'myPoint'
c:\users\asus\desktop\senior-design\realsense\projects\useridrevised\userid\main.cpp(356): error C2664: 'void circleBuffer::updateULV(myPoint,double [])': cannot convert argument 1 from 'int' to 'myPoint'
  c:\users\asus\desktop\senior-design\realsense\projects\useridrevised\userid\main.cpp(356): note: use of undefined type 'myPoint'
  c:\users\asus\desktop\senior-design\realsense\projects\useridrevised\userid\mypoint.h(5): note: see declaration of 'myPoint'
c:\users\asus\desktop\senior-design\realsense\projects\useridrevised\userid\main.cpp(360): error C2027: use of undefined type 'myPoint'
  c:\users\asus\desktop\senior-design\realsense\projects\useridrevised\userid\mypoint.h(5): note: see declaration of 'myPoint'
c:\users\asus\desktop\senior-design\realsense\projects\useridrevised\userid\main.cpp(360): error C2228: left of '.getImageX' must have class/struct/union
c:\users\asus\desktop\senior-design\realsense\projects\useridrevised\userid\main.cpp(361): error C2027: use of undefined type 'myPoint'
  c:\users\asus\desktop\senior-design\realsense\projects\useridrevised\userid\mypoint.h(5): note: see declaration of 'myPoint'
c:\users\asus\desktop\senior-design\realsense\projects\useridrevised\userid\main.cpp(361): error C2228: left of '.getWorldZ' must have class/struct/union
