C:\USERS\ASUSUSER\DESKTOP\TUTORIAL_09_03_2014 -REV2\TUTORIAL\3_HANDS_ANALYSIS\RELEASE\MAIN_HAND_ANALYSIS_PROCEDURAL.OBJ
C:\USERS\ASUSUSER\DESKTOP\TUTORIAL_09_03_2014 -REV2\TUTORIAL\3_HANDS_ANALYSIS\RELEASE\HANDANALYSIS_RENDER.OBJ
C:\USERS\ASUSUSER\DESKTOP\TUTORIAL_09_03_2014 -REV2\TUTORIAL\3_HANDS_ANALYSIS\RELEASE\VC110.PDB
C:\USERS\ASUSUSER\DESKTOP\TUTORIAL_09_03_2014 -REV2\TUTORIAL\RELEASE\3_HANDS_ANALYSIS.EXE
C:\USERS\ASUSUSER\DESKTOP\TUTORIAL_09_03_2014 -REV2\TUTORIAL\RELEASE\3_HANDS_ANALYSIS.PDB
C:\Users\asususer\Desktop\tutorial_09_03_2014 -Rev2\Tutorial\3_Hands_Analysis\Release\handanalysis_render.obj
C:\Users\asususer\Desktop\tutorial_09_03_2014 -Rev2\Tutorial\3_Hands_Analysis\Release\main_hand_analysis_procedural.obj
C:\Users\asususer\Desktop\tutorial_09_03_2014 -Rev2\Tutorial\3_Hands_Analysis\Release\cl.command.1.tlog
C:\Users\asususer\Desktop\tutorial_09_03_2014 -Rev2\Tutorial\3_Hands_Analysis\Release\CL.read.1.tlog
C:\Users\asususer\Desktop\tutorial_09_03_2014 -Rev2\Tutorial\3_Hands_Analysis\Release\CL.write.1.tlog
C:\Users\asususer\Desktop\tutorial_09_03_2014 -Rev2\Tutorial\3_Hands_Analysis\Release\link-cvtres.read.1.tlog
C:\Users\asususer\Desktop\tutorial_09_03_2014 -Rev2\Tutorial\3_Hands_Analysis\Release\link-cvtres.write.1.tlog
C:\Users\asususer\Desktop\tutorial_09_03_2014 -Rev2\Tutorial\3_Hands_Analysis\Release\link-rc.read.1.tlog
C:\Users\asususer\Desktop\tutorial_09_03_2014 -Rev2\Tutorial\3_Hands_Analysis\Release\link-rc.write.1.tlog
C:\Users\asususer\Desktop\tutorial_09_03_2014 -Rev2\Tutorial\3_Hands_Analysis\Release\link.command.1.tlog
C:\Users\asususer\Desktop\tutorial_09_03_2014 -Rev2\Tutorial\3_Hands_Analysis\Release\link.read.1.tlog
C:\Users\asususer\Desktop\tutorial_09_03_2014 -Rev2\Tutorial\3_Hands_Analysis\Release\link.write.1.tlog
C:\Users\asususer\Desktop\tutorial_09_03_2014 -Rev2\Tutorial\3_Hands_Analysis\Release\vc110.pdb
C:\Users\asususer\Desktop\tutorial_09_03_2014 -Rev2\Tutorial\Release\3_Hands_Analysis.pdb
C:\Users\asususer\Desktop\tutorial_09_03_2014 -Rev2\Tutorial\Release\3_Hands_Analysis.exe
